<?xml version="1.0" encoding="UTF-8"?>
<!-- Generated by org.testng.reporters.JUnitXMLReporter -->
<testsuite hostname="siddhantpanda" ignored="4" name="Test" tests="12" failures="0" timestamp="02 Jun 2021 18:03:42 GMT" time="0.117" errors="0">
  <testcase name="@BeforeMethod intializeWebdriver" time="0.078" classname="com.selenium.tests.BaseTest">
    <failure type="org.openqa.selenium.WebDriverException" message="Cannot find firefox binary in PATH. Make sure firefox is installed. OS appears to be: WIN10
Build info: version: &amp;apos;3.141.59&amp;apos;, revision: &amp;apos;e82be7d358&amp;apos;, time: &amp;apos;2018-11-14T08:17:03&amp;apos;
System info: host: &amp;apos;SIDDHANTPANDA&amp;apos;, ip: &amp;apos;192.168.0.103&amp;apos;, os.name: &amp;apos;Windows 10&amp;apos;, os.arch: &amp;apos;amd64&amp;apos;, os.version: &amp;apos;10.0&amp;apos;, java.version: &amp;apos;1.8.0_221&amp;apos;
Driver info: driver.version: FirefoxDriver">
      <![CDATA[org.openqa.selenium.WebDriverException: Cannot find firefox binary in PATH. Make sure firefox is installed. OS appears to be: WIN10
Build info: version: '3.141.59', revision: 'e82be7d358', time: '2018-11-14T08:17:03'
System info: host: 'SIDDHANTPANDA', ip: '192.168.0.103', os.name: 'Windows 10', os.arch: 'amd64', os.version: '10.0', java.version: '1.8.0_221'
Driver info: driver.version: FirefoxDriver
at org.openqa.selenium.firefox.FirefoxBinary.<init>(FirefoxBinary.java:100)
at java.util.Optional.orElseGet(Optional.java:267)
at org.openqa.selenium.firefox.FirefoxOptions.getBinary(FirefoxOptions.java:216)
at org.openqa.selenium.firefox.FirefoxDriver.toExecutor(FirefoxDriver.java:187)
at org.openqa.selenium.firefox.FirefoxDriver.<init>(FirefoxDriver.java:147)
at org.openqa.selenium.firefox.FirefoxDriver.<init>(FirefoxDriver.java:125)
at com.selenium.tests.BaseTest.intializeWebdriver(BaseTest.java:101)
... Removed 32 stack frames]]>
    </failure>
  </testcase> <!-- @BeforeMethod intializeWebdriver -->
  <testcase name="@BeforeMethod openBrowser" time="0.0" classname="com.selenium.tests.BaseTest">
    <skipped/>
  </testcase> <!-- @BeforeMethod openBrowser -->
  <testcase name="@AfterMethod attachScreenShot" time="0.0" classname="com.selenium.tests.BaseTest">
    <skipped/>
  </testcase> <!-- @AfterMethod attachScreenShot -->
  <testcase name="@AfterMethod closeBrowser" time="0.0" classname="com.selenium.tests.BaseTest">
    <skipped/>
  </testcase> <!-- @AfterMethod closeBrowser -->
  <testcase name="@BeforeMethod intializeWebdriver" time="0.003" classname="com.selenium.tests.BaseTest">
    <failure type="org.openqa.selenium.WebDriverException" message="Cannot find firefox binary in PATH. Make sure firefox is installed. OS appears to be: WIN10
Build info: version: &amp;apos;3.141.59&amp;apos;, revision: &amp;apos;e82be7d358&amp;apos;, time: &amp;apos;2018-11-14T08:17:03&amp;apos;
System info: host: &amp;apos;SIDDHANTPANDA&amp;apos;, ip: &amp;apos;192.168.0.103&amp;apos;, os.name: &amp;apos;Windows 10&amp;apos;, os.arch: &amp;apos;amd64&amp;apos;, os.version: &amp;apos;10.0&amp;apos;, java.version: &amp;apos;1.8.0_221&amp;apos;
Driver info: driver.version: FirefoxDriver">
      <![CDATA[org.openqa.selenium.WebDriverException: Cannot find firefox binary in PATH. Make sure firefox is installed. OS appears to be: WIN10
Build info: version: '3.141.59', revision: 'e82be7d358', time: '2018-11-14T08:17:03'
System info: host: 'SIDDHANTPANDA', ip: '192.168.0.103', os.name: 'Windows 10', os.arch: 'amd64', os.version: '10.0', java.version: '1.8.0_221'
Driver info: driver.version: FirefoxDriver
at org.openqa.selenium.firefox.FirefoxBinary.<init>(FirefoxBinary.java:100)
at java.util.Optional.orElseGet(Optional.java:267)
at org.openqa.selenium.firefox.FirefoxOptions.getBinary(FirefoxOptions.java:216)
at org.openqa.selenium.firefox.FirefoxDriver.toExecutor(FirefoxDriver.java:187)
at org.openqa.selenium.firefox.FirefoxDriver.<init>(FirefoxDriver.java:147)
at org.openqa.selenium.firefox.FirefoxDriver.<init>(FirefoxDriver.java:125)
at com.selenium.tests.BaseTest.intializeWebdriver(BaseTest.java:101)
... Removed 32 stack frames]]>
    </failure>
  </testcase> <!-- @BeforeMethod intializeWebdriver -->
  <testcase name="@BeforeMethod openBrowser" time="0.0" classname="com.selenium.tests.BaseTest">
    <skipped/>
  </testcase> <!-- @BeforeMethod openBrowser -->
  <testcase name="@AfterMethod attachScreenShot" time="0.0" classname="com.selenium.tests.BaseTest">
    <skipped/>
  </testcase> <!-- @AfterMethod attachScreenShot -->
  <testcase name="@AfterMethod closeBrowser" time="0.0" classname="com.selenium.tests.BaseTest">
    <skipped/>
  </testcase> <!-- @AfterMethod closeBrowser -->
  <testcase name="@BeforeMethod intializeWebdriver" time="0.003" classname="com.selenium.tests.BaseTest">
    <failure type="org.openqa.selenium.WebDriverException" message="Cannot find firefox binary in PATH. Make sure firefox is installed. OS appears to be: WIN10
Build info: version: &amp;apos;3.141.59&amp;apos;, revision: &amp;apos;e82be7d358&amp;apos;, time: &amp;apos;2018-11-14T08:17:03&amp;apos;
System info: host: &amp;apos;SIDDHANTPANDA&amp;apos;, ip: &amp;apos;192.168.0.103&amp;apos;, os.name: &amp;apos;Windows 10&amp;apos;, os.arch: &amp;apos;amd64&amp;apos;, os.version: &amp;apos;10.0&amp;apos;, java.version: &amp;apos;1.8.0_221&amp;apos;
Driver info: driver.version: FirefoxDriver">
      <![CDATA[org.openqa.selenium.WebDriverException: Cannot find firefox binary in PATH. Make sure firefox is installed. OS appears to be: WIN10
Build info: version: '3.141.59', revision: 'e82be7d358', time: '2018-11-14T08:17:03'
System info: host: 'SIDDHANTPANDA', ip: '192.168.0.103', os.name: 'Windows 10', os.arch: 'amd64', os.version: '10.0', java.version: '1.8.0_221'
Driver info: driver.version: FirefoxDriver
at org.openqa.selenium.firefox.FirefoxBinary.<init>(FirefoxBinary.java:100)
at java.util.Optional.orElseGet(Optional.java:267)
at org.openqa.selenium.firefox.FirefoxOptions.getBinary(FirefoxOptions.java:216)
at org.openqa.selenium.firefox.FirefoxDriver.toExecutor(FirefoxDriver.java:187)
at org.openqa.selenium.firefox.FirefoxDriver.<init>(FirefoxDriver.java:147)
at org.openqa.selenium.firefox.FirefoxDriver.<init>(FirefoxDriver.java:125)
at com.selenium.tests.BaseTest.intializeWebdriver(BaseTest.java:101)
... Removed 32 stack frames]]>
    </failure>
  </testcase> <!-- @BeforeMethod intializeWebdriver -->
  <testcase name="@BeforeMethod openBrowser" time="0.0" classname="com.selenium.tests.BaseTest">
    <skipped/>
  </testcase> <!-- @BeforeMethod openBrowser -->
  <testcase name="@AfterMethod attachScreenShot" time="0.0" classname="com.selenium.tests.BaseTest">
    <skipped/>
  </testcase> <!-- @AfterMethod attachScreenShot -->
  <testcase name="@AfterMethod closeBrowser" time="0.0" classname="com.selenium.tests.BaseTest">
    <skipped/>
  </testcase> <!-- @AfterMethod closeBrowser -->
  <testcase name="@BeforeMethod intializeWebdriver" time="0.003" classname="com.selenium.tests.BaseTest">
    <failure type="org.openqa.selenium.WebDriverException" message="Cannot find firefox binary in PATH. Make sure firefox is installed. OS appears to be: WIN10
Build info: version: &amp;apos;3.141.59&amp;apos;, revision: &amp;apos;e82be7d358&amp;apos;, time: &amp;apos;2018-11-14T08:17:03&amp;apos;
System info: host: &amp;apos;SIDDHANTPANDA&amp;apos;, ip: &amp;apos;192.168.0.103&amp;apos;, os.name: &amp;apos;Windows 10&amp;apos;, os.arch: &amp;apos;amd64&amp;apos;, os.version: &amp;apos;10.0&amp;apos;, java.version: &amp;apos;1.8.0_221&amp;apos;
Driver info: driver.version: FirefoxDriver">
      <![CDATA[org.openqa.selenium.WebDriverException: Cannot find firefox binary in PATH. Make sure firefox is installed. OS appears to be: WIN10
Build info: version: '3.141.59', revision: 'e82be7d358', time: '2018-11-14T08:17:03'
System info: host: 'SIDDHANTPANDA', ip: '192.168.0.103', os.name: 'Windows 10', os.arch: 'amd64', os.version: '10.0', java.version: '1.8.0_221'
Driver info: driver.version: FirefoxDriver
at org.openqa.selenium.firefox.FirefoxBinary.<init>(FirefoxBinary.java:100)
at java.util.Optional.orElseGet(Optional.java:267)
at org.openqa.selenium.firefox.FirefoxOptions.getBinary(FirefoxOptions.java:216)
at org.openqa.selenium.firefox.FirefoxDriver.toExecutor(FirefoxDriver.java:187)
at org.openqa.selenium.firefox.FirefoxDriver.<init>(FirefoxDriver.java:147)
at org.openqa.selenium.firefox.FirefoxDriver.<init>(FirefoxDriver.java:125)
at com.selenium.tests.BaseTest.intializeWebdriver(BaseTest.java:101)
... Removed 32 stack frames]]>
    </failure>
  </testcase> <!-- @BeforeMethod intializeWebdriver -->
  <testcase name="@BeforeMethod openBrowser" time="0.0" classname="com.selenium.tests.BaseTest">
    <skipped/>
  </testcase> <!-- @BeforeMethod openBrowser -->
  <testcase name="@AfterMethod attachScreenShot" time="0.0" classname="com.selenium.tests.BaseTest">
    <skipped/>
  </testcase> <!-- @AfterMethod attachScreenShot -->
  <testcase name="@AfterMethod closeBrowser" time="0.0" classname="com.selenium.tests.BaseTest">
    <skipped/>
  </testcase> <!-- @AfterMethod closeBrowser -->
  <testcase name="@BeforeMethod intializeWebdriver" time="0.003" classname="com.selenium.tests.BaseTest">
    <failure type="org.openqa.selenium.WebDriverException" message="Cannot find firefox binary in PATH. Make sure firefox is installed. OS appears to be: WIN10
Build info: version: &amp;apos;3.141.59&amp;apos;, revision: &amp;apos;e82be7d358&amp;apos;, time: &amp;apos;2018-11-14T08:17:03&amp;apos;
System info: host: &amp;apos;SIDDHANTPANDA&amp;apos;, ip: &amp;apos;192.168.0.103&amp;apos;, os.name: &amp;apos;Windows 10&amp;apos;, os.arch: &amp;apos;amd64&amp;apos;, os.version: &amp;apos;10.0&amp;apos;, java.version: &amp;apos;1.8.0_221&amp;apos;
Driver info: driver.version: FirefoxDriver">
      <![CDATA[org.openqa.selenium.WebDriverException: Cannot find firefox binary in PATH. Make sure firefox is installed. OS appears to be: WIN10
Build info: version: '3.141.59', revision: 'e82be7d358', time: '2018-11-14T08:17:03'
System info: host: 'SIDDHANTPANDA', ip: '192.168.0.103', os.name: 'Windows 10', os.arch: 'amd64', os.version: '10.0', java.version: '1.8.0_221'
Driver info: driver.version: FirefoxDriver
at org.openqa.selenium.firefox.FirefoxBinary.<init>(FirefoxBinary.java:100)
at java.util.Optional.orElseGet(Optional.java:267)
at org.openqa.selenium.firefox.FirefoxOptions.getBinary(FirefoxOptions.java:216)
at org.openqa.selenium.firefox.FirefoxDriver.toExecutor(FirefoxDriver.java:187)
at org.openqa.selenium.firefox.FirefoxDriver.<init>(FirefoxDriver.java:147)
at org.openqa.selenium.firefox.FirefoxDriver.<init>(FirefoxDriver.java:125)
at com.selenium.tests.BaseTest.intializeWebdriver(BaseTest.java:101)
... Removed 32 stack frames]]>
    </failure>
  </testcase> <!-- @BeforeMethod intializeWebdriver -->
  <testcase name="@BeforeMethod openBrowser" time="0.0" classname="com.selenium.tests.BaseTest">
    <skipped/>
  </testcase> <!-- @BeforeMethod openBrowser -->
  <testcase name="@AfterMethod attachScreenShot" time="0.0" classname="com.selenium.tests.BaseTest">
    <skipped/>
  </testcase> <!-- @AfterMethod attachScreenShot -->
  <testcase name="@AfterMethod closeBrowser" time="0.0" classname="com.selenium.tests.BaseTest">
    <skipped/>
  </testcase> <!-- @AfterMethod closeBrowser -->
  <testcase name="@BeforeMethod intializeWebdriver" time="0.0" classname="com.selenium.tests.BaseTest">
    <skipped/>
  </testcase> <!-- @BeforeMethod intializeWebdriver -->
  <testcase name="@BeforeMethod openBrowser" time="0.0" classname="com.selenium.tests.BaseTest">
    <skipped/>
  </testcase> <!-- @BeforeMethod openBrowser -->
  <testcase name="@AfterMethod attachScreenShot" time="0.0" classname="com.selenium.tests.BaseTest">
    <skipped/>
  </testcase> <!-- @AfterMethod attachScreenShot -->
  <testcase name="@AfterMethod closeBrowser" time="0.0" classname="com.selenium.tests.BaseTest">
    <skipped/>
  </testcase> <!-- @AfterMethod closeBrowser -->
  <testcase name="@BeforeMethod intializeWebdriver" time="0.0" classname="com.selenium.tests.BaseTest">
    <skipped/>
  </testcase> <!-- @BeforeMethod intializeWebdriver -->
  <testcase name="@BeforeMethod openBrowser" time="0.0" classname="com.selenium.tests.BaseTest">
    <skipped/>
  </testcase> <!-- @BeforeMethod openBrowser -->
  <testcase name="@AfterMethod attachScreenShot" time="0.0" classname="com.selenium.tests.BaseTest">
    <skipped/>
  </testcase> <!-- @AfterMethod attachScreenShot -->
  <testcase name="@AfterMethod closeBrowser" time="0.0" classname="com.selenium.tests.BaseTest">
    <skipped/>
  </testcase> <!-- @AfterMethod closeBrowser -->
  <testcase name="@BeforeMethod intializeWebdriver" time="0.0" classname="com.selenium.tests.BaseTest">
    <skipped/>
  </testcase> <!-- @BeforeMethod intializeWebdriver -->
  <testcase name="@BeforeMethod openBrowser" time="0.0" classname="com.selenium.tests.BaseTest">
    <skipped/>
  </testcase> <!-- @BeforeMethod openBrowser -->
  <testcase name="@AfterMethod attachScreenShot" time="0.0" classname="com.selenium.tests.BaseTest">
    <skipped/>
  </testcase> <!-- @AfterMethod attachScreenShot -->
  <testcase name="@AfterMethod closeBrowser" time="0.0" classname="com.selenium.tests.BaseTest">
    <skipped/>
  </testcase> <!-- @AfterMethod closeBrowser -->
  <testcase name="@BeforeMethod intializeWebdriver" time="0.0" classname="com.selenium.tests.BaseTest">
    <skipped/>
  </testcase> <!-- @BeforeMethod intializeWebdriver -->
  <testcase name="@BeforeMethod openBrowser" time="0.0" classname="com.selenium.tests.BaseTest">
    <skipped/>
  </testcase> <!-- @BeforeMethod openBrowser -->
  <testcase name="@AfterMethod attachScreenShot" time="0.0" classname="com.selenium.tests.BaseTest">
    <skipped/>
  </testcase> <!-- @AfterMethod attachScreenShot -->
  <testcase name="@AfterMethod closeBrowser" time="0.0" classname="com.selenium.tests.BaseTest">
    <skipped/>
  </testcase> <!-- @AfterMethod closeBrowser -->
  <testcase name="@BeforeMethod intializeWebdriver" time="0.0" classname="com.selenium.tests.BaseTest">
    <skipped/>
  </testcase> <!-- @BeforeMethod intializeWebdriver -->
  <testcase name="@BeforeMethod openBrowser" time="0.0" classname="com.selenium.tests.BaseTest">
    <skipped/>
  </testcase> <!-- @BeforeMethod openBrowser -->
  <testcase name="@AfterMethod attachScreenShot" time="0.0" classname="com.selenium.tests.BaseTest">
    <skipped/>
  </testcase> <!-- @AfterMethod attachScreenShot -->
  <testcase name="@AfterMethod closeBrowser" time="0.0" classname="com.selenium.tests.BaseTest">
    <skipped/>
  </testcase> <!-- @AfterMethod closeBrowser -->
  <testcase name="@BeforeMethod intializeWebdriver" time="0.0" classname="com.selenium.tests.BaseTest">
    <skipped/>
  </testcase> <!-- @BeforeMethod intializeWebdriver -->
  <testcase name="@BeforeMethod openBrowser" time="0.0" classname="com.selenium.tests.BaseTest">
    <skipped/>
  </testcase> <!-- @BeforeMethod openBrowser -->
  <testcase name="@AfterMethod attachScreenShot" time="0.0" classname="com.selenium.tests.BaseTest">
    <skipped/>
  </testcase> <!-- @AfterMethod attachScreenShot -->
  <testcase name="@AfterMethod closeBrowser" time="0.0" classname="com.selenium.tests.BaseTest">
    <skipped/>
  </testcase> <!-- @AfterMethod closeBrowser -->
  <testcase name="@BeforeMethod intializeWebdriver" time="0.0" classname="com.selenium.tests.BaseTest">
    <skipped/>
  </testcase> <!-- @BeforeMethod intializeWebdriver -->
  <testcase name="@BeforeMethod openBrowser" time="0.0" classname="com.selenium.tests.BaseTest">
    <skipped/>
  </testcase> <!-- @BeforeMethod openBrowser -->
  <testcase name="@AfterMethod attachScreenShot" time="0.0" classname="com.selenium.tests.BaseTest">
    <skipped/>
  </testcase> <!-- @AfterMethod attachScreenShot -->
  <testcase name="@AfterMethod closeBrowser" time="0.0" classname="com.selenium.tests.BaseTest">
    <skipped/>
  </testcase> <!-- @AfterMethod closeBrowser -->
  <testcase name="invalidCartTest" time="0.0" classname="com.selenium.tests.CartTest">
    <skipped/>
  </testcase> <!-- invalidCartTest -->
  <testcase name="validcontactus" time="0.0" classname="com.selenium.tests.ContactUsTest">
    <skipped/>
  </testcase> <!-- validcontactus -->
  <testcase name="validLogin" time="0.0" classname="com.selenium.tests.LoginTest">
    <skipped/>
  </testcase> <!-- validLogin -->
  <testcase name="UserRegistrationTest" time="0.0" classname="com.selenium.tests.RegistrationTest">
    <skipped/>
  </testcase> <!-- UserRegistrationTest -->
  <testcase name="validproduct" time="0.0" classname="com.selenium.tests.ProductValidationTest">
    <skipped/>
  </testcase> <!-- validproduct -->
  <testcase name="validCarTest" time="0.0" classname="com.selenium.tests.CartTest">
    <skipped/>
  </testcase> <!-- validCarTest -->
  <testcase name="Invalidcontactus" time="0.0" classname="com.selenium.tests.ContactUsTest">
    <skipped/>
  </testcase> <!-- Invalidcontactus -->
  <testcase name="invalidLogin_2" time="0.0" classname="com.selenium.tests.LoginTest">
    <skipped/>
  </testcase> <!-- invalidLogin_2 -->
  <testcase name="InvalidRegistration" time="0.0" classname="com.selenium.tests.RegistrationTest">
    <skipped/>
  </testcase> <!-- InvalidRegistration -->
  <testcase name="invalidproduct" time="0.0" classname="com.selenium.tests.ProductValidationTest">
    <skipped/>
  </testcase> <!-- invalidproduct -->
  <testcase name="invalidLogin" time="0.0" classname="com.selenium.tests.LoginTest">
    <skipped/>
  </testcase> <!-- invalidLogin -->
  <testcase name="InvalidRegistration_2" time="0.0" classname="com.selenium.tests.RegistrationTest">
    <skipped/>
  </testcase> <!-- InvalidRegistration_2 -->
  <testcase name="@BeforeSuite setExtent" time="0.0" classname="com.selenium.tests.BaseTest">
    <ignored/>
  </testcase> <!-- @BeforeSuite setExtent -->
  <testcase name="@BeforeSuite setExtent" time="0.0" classname="com.selenium.tests.BaseTest">
    <ignored/>
  </testcase> <!-- @BeforeSuite setExtent -->
  <testcase name="@BeforeSuite setExtent" time="0.0" classname="com.selenium.tests.BaseTest">
    <ignored/>
  </testcase> <!-- @BeforeSuite setExtent -->
  <testcase name="@BeforeSuite setExtent" time="0.0" classname="com.selenium.tests.BaseTest">
    <ignored/>
  </testcase> <!-- @BeforeSuite setExtent -->
</testsuite> <!-- Test -->
